<?xml version="1.0" encoding="UTF-8"?>
<testsuite xmlns:xsi="http://www.w3.org/2001/XMLSchema-instance" xsi:noNamespaceSchemaLocation="https://maven.apache.org/surefire/maven-surefire-plugin/xsd/surefire-test-report-3.0.xsd" version="3.0" name="cucumber.options.TestRunner" time="7.488" tests="2" errors="0" skipped="0" failures="0">
  <properties>
    <property name="java.specification.version" value="22"/>
    <property name="sun.cpu.isalist" value="amd64"/>
    <property name="sun.jnu.encoding" value="Cp1252"/>
    <property name="java.class.path" value="D:\EclipseWorkSpace\target\test-classes;D:\EclipseWorkSpace\target\classes;C:\Users\jites\.m2\repository\org\apache\maven\maven-core\4.0.0-rc-3\maven-core-4.0.0-rc-3.jar;C:\Users\jites\.m2\repository\org\apache\maven\maven-api-annotations\4.0.0-rc-3\maven-api-annotations-4.0.0-rc-3.jar;C:\Users\jites\.m2\repository\org\apache\maven\maven-api-core\4.0.0-rc-3\maven-api-core-4.0.0-rc-3.jar;C:\Users\jites\.m2\repository\org\apache\maven\maven-api-di\4.0.0-rc-3\maven-api-di-4.0.0-rc-3.jar;C:\Users\jites\.m2\repository\org\apache\maven\maven-api-metadata\4.0.0-rc-3\maven-api-metadata-4.0.0-rc-3.jar;C:\Users\jites\.m2\repository\org\apache\maven\maven-api-model\4.0.0-rc-3\maven-api-model-4.0.0-rc-3.jar;C:\Users\jites\.m2\repository\org\apache\maven\maven-api-plugin\4.0.0-rc-3\maven-api-plugin-4.0.0-rc-3.jar;C:\Users\jites\.m2\repository\org\apache\maven\maven-api-settings\4.0.0-rc-3\maven-api-settings-4.0.0-rc-3.jar;C:\Users\jites\.m2\repository\org\apache\maven\maven-api-spi\4.0.0-rc-3\maven-api-spi-4.0.0-rc-3.jar;C:\Users\jites\.m2\repository\org\apache\maven\maven-api-toolchain\4.0.0-rc-3\maven-api-toolchain-4.0.0-rc-3.jar;C:\Users\jites\.m2\repository\org\apache\maven\maven-api-xml\4.0.0-rc-3\maven-api-xml-4.0.0-rc-3.jar;C:\Users\jites\.m2\repository\org\apache\maven\maven-di\4.0.0-rc-3\maven-di-4.0.0-rc-3.jar;C:\Users\jites\.m2\repository\org\apache\maven\maven-impl\4.0.0-rc-3\maven-impl-4.0.0-rc-3.jar;C:\Users\jites\.m2\repository\org\apache\maven\maven-support\4.0.0-rc-3\maven-support-4.0.0-rc-3.jar;C:\Users\jites\.m2\repository\com\fasterxml\woodstox\woodstox-core\7.1.0\woodstox-core-7.1.0.jar;C:\Users\jites\.m2\repository\org\codehaus\woodstox\stax2-api\4.2.2\stax2-api-4.2.2.jar;C:\Users\jites\.m2\repository\org\codehaus\plexus\plexus-sec-dispatcher\4.1.0\plexus-sec-dispatcher-4.1.0.jar;C:\Users\jites\.m2\repository\org\apache\maven\maven-jline\4.0.0-rc-3\maven-jline-4.0.0-rc-3.jar;C:\Users\jites\.m2\repository\org\jline\jline-reader\3.29.0\jline-reader-3.29.0.jar;C:\Users\jites\.m2\repository\org\jline\jline-style\3.29.0\jline-style-3.29.0.jar;C:\Users\jites\.m2\repository\org\jline\jline-builtins\3.29.0\jline-builtins-3.29.0.jar;C:\Users\jites\.m2\repository\org\jline\jline-console\3.29.0\jline-console-3.29.0.jar;C:\Users\jites\.m2\repository\org\jline\jline-console-ui\3.29.0\jline-console-ui-3.29.0.jar;C:\Users\jites\.m2\repository\org\jline\jline-terminal\3.29.0\jline-terminal-3.29.0.jar;C:\Users\jites\.m2\repository\org\jline\jline-native\3.29.0\jline-native-3.29.0.jar;C:\Users\jites\.m2\repository\org\jline\jline-terminal-jni\3.29.0\jline-terminal-jni-3.29.0.jar;C:\Users\jites\.m2\repository\org\jline\jansi-core\3.29.0\jansi-core-3.29.0.jar;C:\Users\jites\.m2\repository\org\apache\maven\maven-logging\4.0.0-rc-3\maven-logging-4.0.0-rc-3.jar;C:\Users\jites\.m2\repository\org\apache\maven\maven-xml\4.0.0-rc-3\maven-xml-4.0.0-rc-3.jar;C:\Users\jites\.m2\repository\org\apache\maven\maven-artifact\4.0.0-rc-3\maven-artifact-4.0.0-rc-3.jar;C:\Users\jites\.m2\repository\org\apache\maven\maven-model\4.0.0-rc-3\maven-model-4.0.0-rc-3.jar;C:\Users\jites\.m2\repository\org\apache\maven\maven-model-builder\4.0.0-rc-3\maven-model-builder-4.0.0-rc-3.jar;C:\Users\jites\.m2\repository\org\apache\maven\maven-builder-support\4.0.0-rc-3\maven-builder-support-4.0.0-rc-3.jar;C:\Users\jites\.m2\repository\org\codehaus\plexus\plexus-interpolation\1.27\plexus-interpolation-1.27.jar;C:\Users\jites\.m2\repository\org\codehaus\plexus\plexus-utils\4.0.1\plexus-utils-4.0.1.jar;C:\Users\jites\.m2\repository\org\apache\maven\maven-plugin-api\4.0.0-rc-3\maven-plugin-api-4.0.0-rc-3.jar;C:\Users\jites\.m2\repository\org\eclipse\sisu\org.eclipse.sisu.plexus\0.9.0.M3\org.eclipse.sisu.plexus-0.9.0.M3.jar;C:\Users\jites\.m2\repository\org\apache\maven\maven-repository-metadata\4.0.0-rc-3\maven-repository-metadata-4.0.0-rc-3.jar;C:\Users\jites\.m2\repository\org\apache\maven\maven-settings\4.0.0-rc-3\maven-settings-4.0.0-rc-3.jar;C:\Users\jites\.m2\repository\org\apache\maven\maven-toolchain-model\4.0.0-rc-3\maven-toolchain-model-4.0.0-rc-3.jar;C:\Users\jites\.m2\repository\org\apache\maven\resolver\maven-resolver-api\2.0.7\maven-resolver-api-2.0.7.jar;C:\Users\jites\.m2\repository\org\apache\maven\resolver\maven-resolver-spi\2.0.7\maven-resolver-spi-2.0.7.jar;C:\Users\jites\.m2\repository\com\google\code\gson\gson\2.12.1\gson-2.12.1.jar;C:\Users\jites\.m2\repository\org\apache\maven\resolver\maven-resolver-util\2.0.7\maven-resolver-util-2.0.7.jar;C:\Users\jites\.m2\repository\org\apache\maven\resolver\maven-resolver-impl\2.0.7\maven-resolver-impl-2.0.7.jar;C:\Users\jites\.m2\repository\org\apache\maven\resolver\maven-resolver-named-locks\2.0.7\maven-resolver-named-locks-2.0.7.jar;C:\Users\jites\.m2\repository\org\slf4j\slf4j-api\2.0.17\slf4j-api-2.0.17.jar;C:\Users\jites\.m2\repository\org\codehaus\plexus\plexus-classworlds\2.8.0\plexus-classworlds-2.8.0.jar;C:\Users\jites\.m2\repository\org\codehaus\plexus\plexus-xml\4.0.4\plexus-xml-4.0.4.jar;C:\Users\jites\.m2\repository\org\apache\maven\maven-xml-impl\4.0.0-alpha-9\maven-xml-impl-4.0.0-alpha-9.jar;C:\Users\jites\.m2\repository\io\rest-assured\rest-assured\5.5.1\rest-assured-5.5.1.jar;C:\Users\jites\.m2\repository\org\apache\groovy\groovy\4.0.22\groovy-4.0.22.jar;C:\Users\jites\.m2\repository\org\apache\groovy\groovy-xml\4.0.22\groovy-xml-4.0.22.jar;C:\Users\jites\.m2\repository\org\apache\httpcomponents\httpclient\4.5.13\httpclient-4.5.13.jar;C:\Users\jites\.m2\repository\org\apache\httpcomponents\httpcore\4.4.13\httpcore-4.4.13.jar;C:\Users\jites\.m2\repository\commons-logging\commons-logging\1.2\commons-logging-1.2.jar;C:\Users\jites\.m2\repository\commons-codec\commons-codec\1.11\commons-codec-1.11.jar;C:\Users\jites\.m2\repository\org\apache\httpcomponents\httpmime\4.5.13\httpmime-4.5.13.jar;C:\Users\jites\.m2\repository\org\hamcrest\hamcrest\2.2\hamcrest-2.2.jar;C:\Users\jites\.m2\repository\org\ccil\cowan\tagsoup\tagsoup\1.2.1\tagsoup-1.2.1.jar;C:\Users\jites\.m2\repository\io\rest-assured\json-path\5.5.1\json-path-5.5.1.jar;C:\Users\jites\.m2\repository\org\apache\groovy\groovy-json\4.0.22\groovy-json-4.0.22.jar;C:\Users\jites\.m2\repository\io\rest-assured\rest-assured-common\5.5.1\rest-assured-common-5.5.1.jar;C:\Users\jites\.m2\repository\io\rest-assured\xml-path\5.5.1\xml-path-5.5.1.jar;C:\Users\jites\.m2\repository\org\apache\commons\commons-lang3\3.16.0\commons-lang3-3.16.0.jar;C:\Users\jites\.m2\repository\io\cucumber\cucumber-java\7.22.0\cucumber-java-7.22.0.jar;C:\Users\jites\.m2\repository\io\cucumber\cucumber-core\7.22.0\cucumber-core-7.22.0.jar;C:\Users\jites\.m2\repository\io\cucumber\cucumber-gherkin\7.22.0\cucumber-gherkin-7.22.0.jar;C:\Users\jites\.m2\repository\io\cucumber\cucumber-gherkin-messages\7.22.0\cucumber-gherkin-messages-7.22.0.jar;C:\Users\jites\.m2\repository\io\cucumber\gherkin\32.1.0\gherkin-32.1.0.jar;C:\Users\jites\.m2\repository\io\cucumber\messages\27.2.0\messages-27.2.0.jar;C:\Users\jites\.m2\repository\io\cucumber\testng-xml-formatter\0.3.1\testng-xml-formatter-0.3.1.jar;C:\Users\jites\.m2\repository\io\cucumber\query\13.3.0\query-13.3.0.jar;C:\Users\jites\.m2\repository\io\cucumber\tag-expressions\6.1.2\tag-expressions-6.1.2.jar;C:\Users\jites\.m2\repository\io\cucumber\cucumber-expressions\18.0.1\cucumber-expressions-18.0.1.jar;C:\Users\jites\.m2\repository\io\cucumber\datatable\7.22.0\datatable-7.22.0.jar;C:\Users\jites\.m2\repository\io\cucumber\cucumber-plugin\7.22.0\cucumber-plugin-7.22.0.jar;C:\Users\jites\.m2\repository\io\cucumber\docstring\7.22.0\docstring-7.22.0.jar;C:\Users\jites\.m2\repository\io\cucumber\html-formatter\21.10.0\html-formatter-21.10.0.jar;C:\Users\jites\.m2\repository\io\cucumber\junit-xml-formatter\0.7.1\junit-xml-formatter-0.7.1.jar;C:\Users\jites\.m2\repository\io\cucumber\ci-environment\10.0.1\ci-environment-10.0.1.jar;C:\Users\jites\.m2\repository\org\apiguardian\apiguardian-api\1.1.2\apiguardian-api-1.1.2.jar;C:\Users\jites\.m2\repository\io\cucumber\cucumber-junit\7.22.0\cucumber-junit-7.22.0.jar;C:\Users\jites\.m2\repository\junit\junit\4.13.2\junit-4.13.2.jar;C:\Users\jites\.m2\repository\org\hamcrest\hamcrest-core\1.3\hamcrest-core-1.3.jar;C:\Users\jites\.m2\repository\com\fasterxml\jackson\core\jackson-databind\2.18.3\jackson-databind-2.18.3.jar;C:\Users\jites\.m2\repository\com\fasterxml\jackson\core\jackson-annotations\2.18.3\jackson-annotations-2.18.3.jar;C:\Users\jites\.m2\repository\com\fasterxml\jackson\core\jackson-core\2.18.3\jackson-core-2.18.3.jar;C:\Users\jites\.m2\repository\org\codehaus\groovy\groovy\3.0.24\groovy-3.0.24.jar;"/>
    <property name="java.vm.vendor" value="Oracle Corporation"/>
    <property name="sun.arch.data.model" value="64"/>
    <property name="user.variant" value=""/>
    <property name="java.vendor.url" value="https://java.oracle.com/"/>
    <property name="user.timezone" value="Asia/Calcutta"/>
    <property name="os.name" value="Windows 11"/>
    <property name="java.vm.specification.version" value="22"/>
    <property name="sun.java.launcher" value="SUN_STANDARD"/>
    <property name="user.country" value="IN"/>
    <property name="sun.boot.library.path" value="C:\Program Files\Java\jdk-22\bin"/>
    <property name="sun.java.command" value="C:\Users\jites\AppData\Local\Temp\surefire18039932071338709909\surefirebooter-20250617161706340_3.jar C:\Users\jites\AppData\Local\Temp\surefire18039932071338709909 2025-06-17T16-17-05_986-jvmRun1 surefire-20250617161706340_1tmp surefire_0-20250617161706340_2tmp"/>
    <property name="jdk.debug" value="release"/>
    <property name="surefire.test.class.path" value="D:\EclipseWorkSpace\target\test-classes;D:\EclipseWorkSpace\target\classes;C:\Users\jites\.m2\repository\org\apache\maven\maven-core\4.0.0-rc-3\maven-core-4.0.0-rc-3.jar;C:\Users\jites\.m2\repository\org\apache\maven\maven-api-annotations\4.0.0-rc-3\maven-api-annotations-4.0.0-rc-3.jar;C:\Users\jites\.m2\repository\org\apache\maven\maven-api-core\4.0.0-rc-3\maven-api-core-4.0.0-rc-3.jar;C:\Users\jites\.m2\repository\org\apache\maven\maven-api-di\4.0.0-rc-3\maven-api-di-4.0.0-rc-3.jar;C:\Users\jites\.m2\repository\org\apache\maven\maven-api-metadata\4.0.0-rc-3\maven-api-metadata-4.0.0-rc-3.jar;C:\Users\jites\.m2\repository\org\apache\maven\maven-api-model\4.0.0-rc-3\maven-api-model-4.0.0-rc-3.jar;C:\Users\jites\.m2\repository\org\apache\maven\maven-api-plugin\4.0.0-rc-3\maven-api-plugin-4.0.0-rc-3.jar;C:\Users\jites\.m2\repository\org\apache\maven\maven-api-settings\4.0.0-rc-3\maven-api-settings-4.0.0-rc-3.jar;C:\Users\jites\.m2\repository\org\apache\maven\maven-api-spi\4.0.0-rc-3\maven-api-spi-4.0.0-rc-3.jar;C:\Users\jites\.m2\repository\org\apache\maven\maven-api-toolchain\4.0.0-rc-3\maven-api-toolchain-4.0.0-rc-3.jar;C:\Users\jites\.m2\repository\org\apache\maven\maven-api-xml\4.0.0-rc-3\maven-api-xml-4.0.0-rc-3.jar;C:\Users\jites\.m2\repository\org\apache\maven\maven-di\4.0.0-rc-3\maven-di-4.0.0-rc-3.jar;C:\Users\jites\.m2\repository\org\apache\maven\maven-impl\4.0.0-rc-3\maven-impl-4.0.0-rc-3.jar;C:\Users\jites\.m2\repository\org\apache\maven\maven-support\4.0.0-rc-3\maven-support-4.0.0-rc-3.jar;C:\Users\jites\.m2\repository\com\fasterxml\woodstox\woodstox-core\7.1.0\woodstox-core-7.1.0.jar;C:\Users\jites\.m2\repository\org\codehaus\woodstox\stax2-api\4.2.2\stax2-api-4.2.2.jar;C:\Users\jites\.m2\repository\org\codehaus\plexus\plexus-sec-dispatcher\4.1.0\plexus-sec-dispatcher-4.1.0.jar;C:\Users\jites\.m2\repository\org\apache\maven\maven-jline\4.0.0-rc-3\maven-jline-4.0.0-rc-3.jar;C:\Users\jites\.m2\repository\org\jline\jline-reader\3.29.0\jline-reader-3.29.0.jar;C:\Users\jites\.m2\repository\org\jline\jline-style\3.29.0\jline-style-3.29.0.jar;C:\Users\jites\.m2\repository\org\jline\jline-builtins\3.29.0\jline-builtins-3.29.0.jar;C:\Users\jites\.m2\repository\org\jline\jline-console\3.29.0\jline-console-3.29.0.jar;C:\Users\jites\.m2\repository\org\jline\jline-console-ui\3.29.0\jline-console-ui-3.29.0.jar;C:\Users\jites\.m2\repository\org\jline\jline-terminal\3.29.0\jline-terminal-3.29.0.jar;C:\Users\jites\.m2\repository\org\jline\jline-native\3.29.0\jline-native-3.29.0.jar;C:\Users\jites\.m2\repository\org\jline\jline-terminal-jni\3.29.0\jline-terminal-jni-3.29.0.jar;C:\Users\jites\.m2\repository\org\jline\jansi-core\3.29.0\jansi-core-3.29.0.jar;C:\Users\jites\.m2\repository\org\apache\maven\maven-logging\4.0.0-rc-3\maven-logging-4.0.0-rc-3.jar;C:\Users\jites\.m2\repository\org\apache\maven\maven-xml\4.0.0-rc-3\maven-xml-4.0.0-rc-3.jar;C:\Users\jites\.m2\repository\org\apache\maven\maven-artifact\4.0.0-rc-3\maven-artifact-4.0.0-rc-3.jar;C:\Users\jites\.m2\repository\org\apache\maven\maven-model\4.0.0-rc-3\maven-model-4.0.0-rc-3.jar;C:\Users\jites\.m2\repository\org\apache\maven\maven-model-builder\4.0.0-rc-3\maven-model-builder-4.0.0-rc-3.jar;C:\Users\jites\.m2\repository\org\apache\maven\maven-builder-support\4.0.0-rc-3\maven-builder-support-4.0.0-rc-3.jar;C:\Users\jites\.m2\repository\org\codehaus\plexus\plexus-interpolation\1.27\plexus-interpolation-1.27.jar;C:\Users\jites\.m2\repository\org\codehaus\plexus\plexus-utils\4.0.1\plexus-utils-4.0.1.jar;C:\Users\jites\.m2\repository\org\apache\maven\maven-plugin-api\4.0.0-rc-3\maven-plugin-api-4.0.0-rc-3.jar;C:\Users\jites\.m2\repository\org\eclipse\sisu\org.eclipse.sisu.plexus\0.9.0.M3\org.eclipse.sisu.plexus-0.9.0.M3.jar;C:\Users\jites\.m2\repository\org\apache\maven\maven-repository-metadata\4.0.0-rc-3\maven-repository-metadata-4.0.0-rc-3.jar;C:\Users\jites\.m2\repository\org\apache\maven\maven-settings\4.0.0-rc-3\maven-settings-4.0.0-rc-3.jar;C:\Users\jites\.m2\repository\org\apache\maven\maven-toolchain-model\4.0.0-rc-3\maven-toolchain-model-4.0.0-rc-3.jar;C:\Users\jites\.m2\repository\org\apache\maven\resolver\maven-resolver-api\2.0.7\maven-resolver-api-2.0.7.jar;C:\Users\jites\.m2\repository\org\apache\maven\resolver\maven-resolver-spi\2.0.7\maven-resolver-spi-2.0.7.jar;C:\Users\jites\.m2\repository\com\google\code\gson\gson\2.12.1\gson-2.12.1.jar;C:\Users\jites\.m2\repository\org\apache\maven\resolver\maven-resolver-util\2.0.7\maven-resolver-util-2.0.7.jar;C:\Users\jites\.m2\repository\org\apache\maven\resolver\maven-resolver-impl\2.0.7\maven-resolver-impl-2.0.7.jar;C:\Users\jites\.m2\repository\org\apache\maven\resolver\maven-resolver-named-locks\2.0.7\maven-resolver-named-locks-2.0.7.jar;C:\Users\jites\.m2\repository\org\slf4j\slf4j-api\2.0.17\slf4j-api-2.0.17.jar;C:\Users\jites\.m2\repository\org\codehaus\plexus\plexus-classworlds\2.8.0\plexus-classworlds-2.8.0.jar;C:\Users\jites\.m2\repository\org\codehaus\plexus\plexus-xml\4.0.4\plexus-xml-4.0.4.jar;C:\Users\jites\.m2\repository\org\apache\maven\maven-xml-impl\4.0.0-alpha-9\maven-xml-impl-4.0.0-alpha-9.jar;C:\Users\jites\.m2\repository\io\rest-assured\rest-assured\5.5.1\rest-assured-5.5.1.jar;C:\Users\jites\.m2\repository\org\apache\groovy\groovy\4.0.22\groovy-4.0.22.jar;C:\Users\jites\.m2\repository\org\apache\groovy\groovy-xml\4.0.22\groovy-xml-4.0.22.jar;C:\Users\jites\.m2\repository\org\apache\httpcomponents\httpclient\4.5.13\httpclient-4.5.13.jar;C:\Users\jites\.m2\repository\org\apache\httpcomponents\httpcore\4.4.13\httpcore-4.4.13.jar;C:\Users\jites\.m2\repository\commons-logging\commons-logging\1.2\commons-logging-1.2.jar;C:\Users\jites\.m2\repository\commons-codec\commons-codec\1.11\commons-codec-1.11.jar;C:\Users\jites\.m2\repository\org\apache\httpcomponents\httpmime\4.5.13\httpmime-4.5.13.jar;C:\Users\jites\.m2\repository\org\hamcrest\hamcrest\2.2\hamcrest-2.2.jar;C:\Users\jites\.m2\repository\org\ccil\cowan\tagsoup\tagsoup\1.2.1\tagsoup-1.2.1.jar;C:\Users\jites\.m2\repository\io\rest-assured\json-path\5.5.1\json-path-5.5.1.jar;C:\Users\jites\.m2\repository\org\apache\groovy\groovy-json\4.0.22\groovy-json-4.0.22.jar;C:\Users\jites\.m2\repository\io\rest-assured\rest-assured-common\5.5.1\rest-assured-common-5.5.1.jar;C:\Users\jites\.m2\repository\io\rest-assured\xml-path\5.5.1\xml-path-5.5.1.jar;C:\Users\jites\.m2\repository\org\apache\commons\commons-lang3\3.16.0\commons-lang3-3.16.0.jar;C:\Users\jites\.m2\repository\io\cucumber\cucumber-java\7.22.0\cucumber-java-7.22.0.jar;C:\Users\jites\.m2\repository\io\cucumber\cucumber-core\7.22.0\cucumber-core-7.22.0.jar;C:\Users\jites\.m2\repository\io\cucumber\cucumber-gherkin\7.22.0\cucumber-gherkin-7.22.0.jar;C:\Users\jites\.m2\repository\io\cucumber\cucumber-gherkin-messages\7.22.0\cucumber-gherkin-messages-7.22.0.jar;C:\Users\jites\.m2\repository\io\cucumber\gherkin\32.1.0\gherkin-32.1.0.jar;C:\Users\jites\.m2\repository\io\cucumber\messages\27.2.0\messages-27.2.0.jar;C:\Users\jites\.m2\repository\io\cucumber\testng-xml-formatter\0.3.1\testng-xml-formatter-0.3.1.jar;C:\Users\jites\.m2\repository\io\cucumber\query\13.3.0\query-13.3.0.jar;C:\Users\jites\.m2\repository\io\cucumber\tag-expressions\6.1.2\tag-expressions-6.1.2.jar;C:\Users\jites\.m2\repository\io\cucumber\cucumber-expressions\18.0.1\cucumber-expressions-18.0.1.jar;C:\Users\jites\.m2\repository\io\cucumber\datatable\7.22.0\datatable-7.22.0.jar;C:\Users\jites\.m2\repository\io\cucumber\cucumber-plugin\7.22.0\cucumber-plugin-7.22.0.jar;C:\Users\jites\.m2\repository\io\cucumber\docstring\7.22.0\docstring-7.22.0.jar;C:\Users\jites\.m2\repository\io\cucumber\html-formatter\21.10.0\html-formatter-21.10.0.jar;C:\Users\jites\.m2\repository\io\cucumber\junit-xml-formatter\0.7.1\junit-xml-formatter-0.7.1.jar;C:\Users\jites\.m2\repository\io\cucumber\ci-environment\10.0.1\ci-environment-10.0.1.jar;C:\Users\jites\.m2\repository\org\apiguardian\apiguardian-api\1.1.2\apiguardian-api-1.1.2.jar;C:\Users\jites\.m2\repository\io\cucumber\cucumber-junit\7.22.0\cucumber-junit-7.22.0.jar;C:\Users\jites\.m2\repository\junit\junit\4.13.2\junit-4.13.2.jar;C:\Users\jites\.m2\repository\org\hamcrest\hamcrest-core\1.3\hamcrest-core-1.3.jar;C:\Users\jites\.m2\repository\com\fasterxml\jackson\core\jackson-databind\2.18.3\jackson-databind-2.18.3.jar;C:\Users\jites\.m2\repository\com\fasterxml\jackson\core\jackson-annotations\2.18.3\jackson-annotations-2.18.3.jar;C:\Users\jites\.m2\repository\com\fasterxml\jackson\core\jackson-core\2.18.3\jackson-core-2.18.3.jar;C:\Users\jites\.m2\repository\org\codehaus\groovy\groovy\3.0.24\groovy-3.0.24.jar;"/>
    <property name="sun.cpu.endian" value="little"/>
    <property name="user.home" value="C:\Users\jites"/>
    <property name="user.language" value="en"/>
    <property name="java.specification.vendor" value="Oracle Corporation"/>
    <property name="java.version.date" value="2024-07-16"/>
    <property name="java.home" value="C:\Program Files\Java\jdk-22"/>
    <property name="file.separator" value="\"/>
    <property name="basedir" value="D:\EclipseWorkSpace"/>
    <property name="java.vm.compressedOopsMode" value="32-bit"/>
    <property name="line.separator" value="&#10;"/>
    <property name="java.vm.specification.vendor" value="Oracle Corporation"/>
    <property name="java.specification.name" value="Java Platform API Specification"/>
    <property name="surefire.real.class.path" value="C:\Users\jites\AppData\Local\Temp\surefire18039932071338709909\surefirebooter-20250617161706340_3.jar"/>
    <property name="user.script" value=""/>
    <property name="sun.management.compiler" value="HotSpot 64-Bit Tiered Compilers"/>
    <property name="java.runtime.version" value="22.0.2+9-70"/>
    <property name="user.name" value="Jitesh"/>
    <property name="stdout.encoding" value="Cp1252"/>
    <property name="path.separator" value=";"/>
    <property name="os.version" value="10.0"/>
    <property name="java.runtime.name" value="Java(TM) SE Runtime Environment"/>
    <property name="file.encoding" value="UTF-8"/>
    <property name="java.vm.name" value="Java HotSpot(TM) 64-Bit Server VM"/>
    <property name="localRepository" value="C:\Users\jites\.m2\repository"/>
    <property name="java.vendor.url.bug" value="https://bugreport.java.com/bugreport/"/>
    <property name="cucmber.options" value="--tags @DeletePlace"/>
    <property name="java.io.tmpdir" value="C:\Users\jites\AppData\Local\Temp\"/>
    <property name="java.version" value="22.0.2"/>
    <property name="user.dir" value="D:\EclipseWorkSpace"/>
    <property name="os.arch" value="amd64"/>
    <property name="java.vm.specification.name" value="Java Virtual Machine Specification"/>
    <property name="sun.os.patch.level" value=""/>
    <property name="native.encoding" value="Cp1252"/>
    <property name="java.library.path" value="C:\Program Files\Java\jdk-22\bin;C:\WINDOWS\Sun\Java\bin;C:\WINDOWS\system32;C:\WINDOWS;C:\Program Files\Common Files\Oracle\Java\javapath;C:\WINDOWS\system32;C:\WINDOWS;C:\WINDOWS\System32\Wbem;C:\WINDOWS\System32\WindowsPowerShell\v1.0\;C:\WINDOWS\System32\OpenSSH\;C:\apache-maven-3.9.9-bin\apache-maven-3.9.9\bin;C:\Program Files\Git\cmd;C:\Users\jites\AppData\Local\Microsoft\WindowsApps;C:\Program Files\JetBrains\IntelliJ IDEA 2024.2.0.1\bin;."/>
    <property name="java.vm.info" value="mixed mode, sharing"/>
    <property name="stderr.encoding" value="Cp1252"/>
    <property name="java.vendor" value="Oracle Corporation"/>
    <property name="java.vm.version" value="22.0.2+9-70"/>
    <property name="sun.io.unicode.encoding" value="UnicodeLittle"/>
    <property name="java.class.version" value="66.0"/>
  </properties>
  <testcase name="Verify if place is being added using addPlace Api" classname="Validating place API&apos;s" time="5.024">
    <system-out><![CDATA[post
HTTP/1.1 200 OK
Date: Tue, 17 Jun 2025 10:47:09 GMT
Server: Apache/2.4.52 (Ubuntu)
Access-Control-Allow-Origin: *
Access-Control-Allow-Methods: POST
Access-Control-Max-Age: 3600
Access-Control-Allow-Headers: Content-Type, Access-Control-Allow-Headers, Authorization, X-Requested-With
Content-Length: 194
Keep-Alive: timeout=5, max=100
Connection: Keep-Alive
Content-Type: application/json;charset=UTF-8

{
    "status": "OK",
    "place_id": "fe702d251ab56ed78c409da317c5cdea",
    "scope": "APP",
    "reference": "c02346db4f10ece4e2523e930ab092dac02346db4f10ece4e2523e930ab092da",
    "id": "c02346db4f10ece4e2523e930ab092da"
}
get
HTTP/1.1 200 OK
Date: Tue, 17 Jun 2025 10:47:10 GMT
Server: Apache/2.4.52 (Ubuntu)
Access-Control-Allow-Origin: *
Access-Control-Allow-Methods: POST
Access-Control-Max-Age: 3600
Access-Control-Allow-Headers: Content-Type, Access-Control-Allow-Headers, Authorization, X-Requested-With
Content-Length: 212
Keep-Alive: timeout=5, max=100
Connection: Keep-Alive
Content-Type: application/json;charset=UTF-8

{
    "location": {
        "latitude": "30.4585245",
        "longitude": "-36.25487"
    },
    "accuracy": "50",
    "name": "Punjab",
    "phone_number": "9922545",
    "address": "Bhatinda",
    "types": "Car,Banana",
    "website": "www.manewada1.com",
    "language": "Punjabi"
}
Punjab
Punjab
]]></system-out>
  </testcase>
  <testcase name="Verify delete call" classname="Validating place API&apos;s" time="2.123">
    <system-out><![CDATA[ Place id is    fe702d251ab56ed78c409da317c5cdea
DELETE
HTTP/1.1 200 OK
Date: Tue, 17 Jun 2025 10:47:12 GMT
Server: Apache/2.4.52 (Ubuntu)
Access-Control-Allow-Origin: *
Access-Control-Allow-Methods: POST
Access-Control-Max-Age: 3600
Access-Control-Allow-Headers: Content-Type, Access-Control-Allow-Headers, Authorization, X-Requested-With
Content-Length: 15
Keep-Alive: timeout=5, max=100
Connection: Keep-Alive
Content-Type: application/json;charset=UTF-8

{
    "status": "OK"
}
]]></system-out>
  </testcase>
</testsuite>